<?xml version="1.0" encoding="UTF-8"?>
<!-- Generated by org.testng.reporters.JUnitReportReporter -->
<testsuite hostname="DESKTOP-NESD47K" failures="0" tests="1" name="com.Excelr.testcases.DashboardPageTest" time="18.068" errors="0" timestamp="2022-12-28T23:10:27 IST" skipped="0">
  <testcase classname="com.Excelr.testcases.DashboardPageTest" name="ValidateQuickLaunchSection" time="18.068"/>
  <system-out/>
</testsuite> <!-- com.Excelr.testcases.DashboardPageTest -->
