<?xml version="1.0" encoding="UTF-8"?>
<!-- Generated by org.testng.reporters.JUnitReportReporter -->
<testsuite hostname="DESKTOP-NESD47K" failures="0" tests="1" name="com.Excelr.testcases.LoginPageTest" time="15.531" errors="0" timestamp="2022-12-31T17:19:19 IST" skipped="0">
  <testcase classname="com.Excelr.testcases.LoginPageTest" name="validateTitleTest" time="15.531"/>
  <system-out/>
</testsuite> <!-- com.Excelr.testcases.LoginPageTest -->
